C:\Program Files (x86)\Microsoft Visual Studio\2017\Community\Common7\IDE\VC\VCTargets\Microsoft.CppBuild.targets(391,5): warning MSB8028: The intermediate directory (Debug\) contains files shared from another project (OpenGLCourseApp.vcxproj).  This can lead to incorrect clean and rebuild behavior.
  Camera.cpp
  Light.cpp
d:\issei\documents\visual studio 2017\projects\wavesimulation\openglcourseapp\light.cpp(25): warning C4244: 'argument': conversion from 'GLfloat' to 'GLint', possible loss of data
d:\issei\documents\visual studio 2017\projects\wavesimulation\openglcourseapp\light.cpp(26): warning C4244: 'argument': conversion from 'GLfloat' to 'GLint', possible loss of data
d:\issei\documents\visual studio 2017\projects\wavesimulation\openglcourseapp\light.cpp(28): warning C4244: 'argument': conversion from 'GLfloat' to 'GLint', possible loss of data
d:\issei\documents\visual studio 2017\projects\wavesimulation\openglcourseapp\light.cpp(29): warning C4244: 'argument': conversion from 'GLfloat' to 'GLint', possible loss of data
  Mesh.cpp
d:\issei\documents\visual studio 2017\projects\wavesimulation\openglcourseapp\mesh.cpp(31): warning C4305: 'argument': truncation from 'int' to 'GLboolean'
d:\issei\documents\visual studio 2017\projects\wavesimulation\openglcourseapp\mesh.cpp(31): warning C4309: 'argument': truncation of constant value
d:\issei\documents\visual studio 2017\projects\wavesimulation\openglcourseapp\mesh.cpp(33): warning C4305: 'argument': truncation from 'int' to 'GLboolean'
d:\issei\documents\visual studio 2017\projects\wavesimulation\openglcourseapp\mesh.cpp(33): warning C4309: 'argument': truncation of constant value
  WaveSimulation.cpp
d:\issei\documents\visual studio 2017\projects\wavesimulation\openglcourseapp\window.h(16): warning C4244: 'return': conversion from 'GLint' to 'GLfloat', possible loss of data
d:\issei\documents\visual studio 2017\projects\wavesimulation\openglcourseapp\window.h(17): warning C4244: 'return': conversion from 'GLint' to 'GLfloat', possible loss of data
d:\issei\documents\visual studio 2017\projects\wavesimulation\openglcourseapp\wavesimulation.cpp(134): warning C4244: 'initializing': conversion from 'double' to 'GLfloat', possible loss of data
d:\issei\documents\visual studio 2017\projects\wavesimulation\openglcourseapp\wavesimulation.cpp(158): warning C4244: 'argument': conversion from 'GLuint' to 'GLfloat', possible loss of data
d:\issei\documents\visual studio 2017\projects\wavesimulation\openglcourseapp\wavesimulation.cpp(157): warning C4244: 'argument': conversion from 'GLuint' to 'GLfloat', possible loss of data
  Shader.cpp
  Texture.cpp
  Window.cpp
d:\issei\documents\visual studio 2017\projects\wavesimulation\openglcourseapp\window.h(16): warning C4244: 'return': conversion from 'GLint' to 'GLfloat', possible loss of data
d:\issei\documents\visual studio 2017\projects\wavesimulation\openglcourseapp\window.h(17): warning C4244: 'return': conversion from 'GLint' to 'GLfloat', possible loss of data
d:\issei\documents\visual studio 2017\projects\wavesimulation\openglcourseapp\window.cpp(136): warning C4244: '=': conversion from 'double' to 'GLfloat', possible loss of data
d:\issei\documents\visual studio 2017\projects\wavesimulation\openglcourseapp\window.cpp(137): warning C4244: '=': conversion from 'double' to 'GLfloat', possible loss of data
d:\issei\documents\visual studio 2017\projects\wavesimulation\openglcourseapp\window.cpp(141): warning C4244: '=': conversion from 'double' to 'GLfloat', possible loss of data
d:\issei\documents\visual studio 2017\projects\wavesimulation\openglcourseapp\window.cpp(142): warning C4244: '=': conversion from 'double' to 'GLfloat', possible loss of data
d:\issei\documents\visual studio 2017\projects\wavesimulation\openglcourseapp\window.cpp(144): warning C4244: '=': conversion from 'double' to 'GLfloat', possible loss of data
d:\issei\documents\visual studio 2017\projects\wavesimulation\openglcourseapp\window.cpp(145): warning C4244: '=': conversion from 'double' to 'GLfloat', possible loss of data
  Generating Code...
d:\issei\documents\visual studio 2017\projects\wavesimulation\openglcourseapp\window.cpp(86): warning C4715: 'Window::Initialize': not all control paths return a value
LINK : warning LNK4098: defaultlib 'MSVCRT' conflicts with use of other libs; use /NODEFAULTLIB:library
  OpenGLCourseApp.vcxproj -> D:\Issei\Documents\Visual Studio 2017\Projects\WaveSimulation\Debug\WaveSimulation.exe
